\BOOKMARK [1][-]{Rfn.AIC.betaroti.1}{\376\377\000A\000I\000C\000.\000b\000e\000t\000a\000r\000o\000t\000i}{}% 1
\BOOKMARK [1][-]{Rfn.betaroti.1}{\376\377\000b\000e\000t\000a\000r\000o\000t\000i}{}% 2
\BOOKMARK [1][-]{Rfn.beta.Rul.ordinal.Rul.coef.1}{\376\377\000b\000e\000t\000a\000\137\000o\000r\000d\000i\000n\000a\000l\000\137\000c\000o\000e\000f}{}% 3
\BOOKMARK [1][-]{Rfn.beta.Rul.ordinal.Rul.fit.1}{\376\377\000b\000e\000t\000a\000\137\000o\000r\000d\000i\000n\000a\000l\000\137\000f\000i\000t}{}% 4
\BOOKMARK [1][-]{Rfn.beta.Rul.ordinal.Rul.fit.Rul.z.1}{\376\377\000b\000e\000t\000a\000\137\000o\000r\000d\000i\000n\000a\000l\000\137\000f\000i\000t\000\137\000z}{}% 5
\BOOKMARK [1][-]{Rfn.beta.Rul.ordinal.Rul.log.Rul.vero.1}{\376\377\000b\000e\000t\000a\000\137\000o\000r\000d\000i\000n\000a\000l\000\137\000l\000o\000g\000\137\000v\000e\000r\000o}{}% 6
\BOOKMARK [1][-]{Rfn.beta.Rul.ordinal.Rul.log.Rul.vero.Rul.z.1}{\376\377\000b\000e\000t\000a\000\137\000o\000r\000d\000i\000n\000a\000l\000\137\000l\000o\000g\000\137\000v\000e\000r\000o\000\137\000z}{}% 7
\BOOKMARK [1][-]{Rfn.beta.Rul.ordinal.Rul.simula.Rul.dados.1}{\376\377\000b\000e\000t\000a\000\137\000o\000r\000d\000i\000n\000a\000l\000\137\000s\000i\000m\000u\000l\000a\000\137\000d\000a\000d\000o\000s}{}% 8
\BOOKMARK [1][-]{Rfn.beta.Rul.ordinal.Rul.simula.Rul.dados.Rul.z.1}{\376\377\000b\000e\000t\000a\000\137\000o\000r\000d\000i\000n\000a\000l\000\137\000s\000i\000m\000u\000l\000a\000\137\000d\000a\000d\000o\000s\000\137\000z}{}% 9
\BOOKMARK [1][-]{Rfn.BIC.1}{\376\377\000B\000I\000C}{}% 10
\BOOKMARK [1][-]{Rfn.coef.betaroti.1}{\376\377\000c\000o\000e\000f\000.\000b\000e\000t\000a\000r\000o\000t\000i}{}% 11
\BOOKMARK [1][-]{Rfn.est.betaroti.1}{\376\377\000e\000s\000t\000.\000b\000e\000t\000a\000r\000o\000t\000i}{}% 12
\BOOKMARK [1][-]{Rfn.fitted.betaroti.1}{\376\377\000f\000i\000t\000t\000e\000d\000.\000b\000e\000t\000a\000r\000o\000t\000i}{}% 13
\BOOKMARK [1][-]{Rfn.fn.Rul.switch.Rul.link.1}{\376\377\000f\000n\000\137\000s\000w\000i\000t\000c\000h\000\137\000l\000i\000n\000k}{}% 14
\BOOKMARK [1][-]{Rfn.gof.1}{\376\377\000g\000o\000f}{}% 15
\BOOKMARK [1][-]{Rfn.hessian.1}{\376\377\000h\000e\000s\000s\000i\000a\000n}{}% 16
\BOOKMARK [1][-]{Rfn.logLik.betaroti.1}{\376\377\000l\000o\000g\000L\000i\000k\000.\000b\000e\000t\000a\000r\000o\000t\000i}{}% 17
\BOOKMARK [1][-]{Rfn.predict.betaroti.1}{\376\377\000p\000r\000e\000d\000i\000c\000t\000.\000b\000e\000t\000a\000r\000o\000t\000i}{}% 18
\BOOKMARK [1][-]{Rfn.print.betaroti.1}{\376\377\000p\000r\000i\000n\000t\000.\000b\000e\000t\000a\000r\000o\000t\000i}{}% 19
\BOOKMARK [1][-]{Rfn.residuals.betaroti.1}{\376\377\000r\000e\000s\000i\000d\000u\000a\000l\000s\000.\000b\000e\000t\000a\000r\000o\000t\000i}{}% 20
\BOOKMARK [1][-]{Rfn.summary.betaroti.1}{\376\377\000s\000u\000m\000m\000a\000r\000y\000.\000b\000e\000t\000a\000r\000o\000t\000i}{}% 21
\BOOKMARK [1][-]{Rfn.vcov.betaroti.1}{\376\377\000v\000c\000o\000v\000.\000b\000e\000t\000a\000r\000o\000t\000i}{}% 22
\BOOKMARK [0][-]{index.0}{\376\377\000I\000n\000d\000e\000x}{}% 23
